<?xml version="1.0" encoding="UTF-8"?>
<!-- Generated by org.testng.reporters.JUnitXMLReporter -->
<testsuite ignored="0" hostname="DESKTOP-UUMBKK3" failures="1" tests="5" name="Test2" time="15.599" errors="0" timestamp="2024-04-17T13:31:30 IST">
  <testcase classname="com.tyss.hospicehealthcare.doctor.AddPatientUsingPomTest" name="AddPatientUsingPomTest" time="0.833">
    <skipped/>
  </testcase> <!-- AddPatientUsingPomTest -->
  <testcase classname="com.tyss.hospicehealthcare.doctor.AddPatientUsingPomTest" name="AddPatientUsingPomTest" time="0.708">
    <skipped/>
  </testcase> <!-- AddPatientUsingPomTest -->
  <testcase classname="com.tyss.hospicehealthcare.doctor.AddPatientUsingPomTest" name="AddPatientUsingPomTest" time="0.843">
    <skipped/>
  </testcase> <!-- AddPatientUsingPomTest -->
  <testcase classname="com.tyss.hospicehealthcare.doctor.AddPatientUsingPomTest" name="AddPatientUsingPomTest" time="0.679">
    <failure type="java.lang.NullPointerException" message="Cannot invoke &amp;quot;org.openqa.selenium.SearchContext.findElement(org.openqa.selenium.By)&amp;quot; because &amp;quot;this.searchContext&amp;quot; is null">
      <![CDATA[java.lang.NullPointerException: Cannot invoke "org.openqa.selenium.SearchContext.findElement(org.openqa.selenium.By)" because "this.searchContext" is null
at org.openqa.selenium.support.pagefactory.DefaultElementLocator.findElement(DefaultElementLocator.java:68)
at org.openqa.selenium.support.pagefactory.internal.LocatingElementHandler.invoke(LocatingElementHandler.java:38)
at jdk.proxy2/jdk.proxy2.$Proxy19.sendKeys(Unknown Source)
at com.healthCare.hospiceHealthCare.objectRepository.DoctorLoginPage.doctorlogin(DoctorLoginPage.java:38)
at com.tyss.hospicehealthcare.doctor.AddPatientUsingPomTest.AddPatientUsingPomTest(AddPatientUsingPomTest.java:54)
at java.base/java.util.concurrent.ThreadPoolExecutor.runWorker(ThreadPoolExecutor.java:1136)
at java.base/java.util.concurrent.ThreadPoolExecutor$Worker.run(ThreadPoolExecutor.java:635)
at java.base/java.lang.Thread.run(Thread.java:842)
... Removed 12 stack frames]]>
    </failure>
  </testcase> <!-- AddPatientUsingPomTest -->
  <testcase classname="com.tyss.hospicehealthcare.admin.AddDoctorTest" name="AddDoctorTest" time="6.318"/>
</testsuite> <!-- Test2 -->
